Arguments: 
  C:\Program Files\nodejs\node.exe C:\Users\aoshisen\AppData\Roaming\npm\node_modules\yarn\bin\yarn.js add @rollup/plugin-json

PATH: 
  C:\Windows\system32;C:\Windows;C:\Windows\System32\Wbem;C:\Windows\System32\WindowsPowerShell\v1.0\;C:\Windows\System32\OpenSSH\;C:\Program Files\nodejs\;C:\Program Files\dotnet\;C:\Program Files\Git\cmd;C:\Users\aoshisen\AppData\Local\pnpm;C:\Users\aoshisen\AppData\Local\Microsoft\WindowsApps;D:\Microsoft VS Code\bin;C:\Users\aoshisen\AppData\Roaming\npm;C:\Users\aoshisen\AppData\Local\Yarn\bin;C:\Users\aoshisen\AppData\Local\Yarn\bin;

Yarn version: 
  1.22.18

Node version: 
  16.17.1

Platform: 
  win32 x64

Trace: 
  Error: EPERM: operation not permitted, unlink 'D:\Documents\git_doc\konva-test\node_modules\canvas\build\Release\canvas.ipdb'

npm manifest: 
  {
    "name": "konva-test",
    "version": "1.0.0",
    "main": "src/index.ts",
    "license": "MIT",
    "scripts": {
      "build": "rollup -c "
    },
    "type": "module",
    "dependencies": {
      "@rollup/plugin-html": "^1.0.1",
      "@rollup/plugin-node-resolve": "^15.0.1",
      "@rollup/plugin-typescript": "^10.0.1",
      "konva": "^8.3.14",
      "rollup": "^3.9.0",
      "rollup-plugin-livereload": "^2.0.5",
      "tslib": "^2.4.1",
      "typescript": "^4.9.4",
      "@rollup/plugin-commonjs": "^24.0.0",
      "rollup-plugin-polyfill-node": "^0.11.0",
      "rollup-plugin-serve": "^2.0.2"
    },
    "devDependencies": {
      "canvas": "^2.9.3"
    }
  }

yarn manifest: 
  No manifest

Lockfile: 
  No lockfile
